Analysis & Synthesis report for parte3
Thu Sep 12 21:24:20 2019
Quartus II 64-Bit Version 13.0.1 Build 232 06/12/2013 Service Pack 1 SJ Web Edition


---------------------
; Table of Contents ;
---------------------
  1. Legal Notice
  2. Analysis & Synthesis Summary
  3. Analysis & Synthesis Settings
  4. Parallel Compilation
  5. Analysis & Synthesis Source Files Read
  6. Analysis & Synthesis Resource Usage Summary
  7. Analysis & Synthesis Resource Utilization by Entity
  8. Analysis & Synthesis RAM Summary
  9. Analysis & Synthesis IP Cores Summary
 10. General Register Statistics
 11. Source assignments for cache:cache2vias|ramlpm:v1|altsyncram:altsyncram_component|altsyncram_3is1:auto_generated
 12. Source assignments for cache:cache2vias|ramlpm:v2|altsyncram:altsyncram_component|altsyncram_3is1:auto_generated
 13. Parameter Settings for User Entity Instance: cache:cache2vias|ramlpm:v1|altsyncram:altsyncram_component
 14. Parameter Settings for User Entity Instance: cache:cache2vias|ramlpm:v2|altsyncram:altsyncram_component
 15. altsyncram Parameter Settings by Entity Instance
 16. Port Connectivity Checks: "hexto7segment:h5"
 17. Port Connectivity Checks: "cache:cache2vias|mux2pra1:muxOut"
 18. Port Connectivity Checks: "cache:cache2vias|mux2pra1:muxIn2"
 19. Port Connectivity Checks: "cache:cache2vias|mux2pra1:muxIn1"
 20. Port Connectivity Checks: "cache:cache2vias"
 21. Elapsed Time Per Partition
 22. Analysis & Synthesis Messages



----------------
; Legal Notice ;
----------------
Copyright (C) 1991-2013 Altera Corporation
Your use of Altera Corporation's design tools, logic functions 
and other software and tools, and its AMPP partner logic 
functions, and any output files from any of the foregoing 
(including device programming or simulation files), and any 
associated documentation or information are expressly subject 
to the terms and conditions of the Altera Program License 
Subscription Agreement, Altera MegaCore Function License 
Agreement, or other applicable license agreement, including, 
without limitation, that your use is for the sole purpose of 
programming logic devices manufactured by Altera and sold by 
Altera or its authorized distributors.  Please refer to the 
applicable agreement for further details.



+--------------------------------------------------------------------------------------+
; Analysis & Synthesis Summary                                                         ;
+------------------------------------+-------------------------------------------------+
; Analysis & Synthesis Status        ; Successful - Thu Sep 12 21:24:20 2019           ;
; Quartus II 64-Bit Version          ; 13.0.1 Build 232 06/12/2013 SP 1 SJ Web Edition ;
; Revision Name                      ; parte3                                          ;
; Top-level Entity Name              ; display                                         ;
; Family                             ; Cyclone II                                      ;
; Total logic elements               ; 73                                              ;
;     Total combinational functions  ; 73                                              ;
;     Dedicated logic registers      ; 0                                               ;
; Total registers                    ; 0                                               ;
; Total pins                         ; 111                                             ;
; Total virtual pins                 ; 0                                               ;
; Total memory bits                  ; 192                                             ;
; Embedded Multiplier 9-bit elements ; 0                                               ;
; Total PLLs                         ; 0                                               ;
+------------------------------------+-------------------------------------------------+


+----------------------------------------------------------------------------------------------------------------------+
; Analysis & Synthesis Settings                                                                                        ;
+----------------------------------------------------------------------------+--------------------+--------------------+
; Option                                                                     ; Setting            ; Default Value      ;
+----------------------------------------------------------------------------+--------------------+--------------------+
; Device                                                                     ; EP2C35F672C6       ;                    ;
; Top-level entity name                                                      ; display            ; parte3             ;
; Family name                                                                ; Cyclone II         ; Cyclone IV GX      ;
; Use smart compilation                                                      ; Off                ; Off                ;
; Enable parallel Assembler and TimeQuest Timing Analyzer during compilation ; On                 ; On                 ;
; Enable compact report table                                                ; Off                ; Off                ;
; Restructure Multiplexers                                                   ; Auto               ; Auto               ;
; Create Debugging Nodes for IP Cores                                        ; Off                ; Off                ;
; Preserve fewer node names                                                  ; On                 ; On                 ;
; Disable OpenCore Plus hardware evaluation                                  ; Off                ; Off                ;
; Verilog Version                                                            ; Verilog_2001       ; Verilog_2001       ;
; VHDL Version                                                               ; VHDL_1993          ; VHDL_1993          ;
; State Machine Processing                                                   ; Auto               ; Auto               ;
; Safe State Machine                                                         ; Off                ; Off                ;
; Extract Verilog State Machines                                             ; On                 ; On                 ;
; Extract VHDL State Machines                                                ; On                 ; On                 ;
; Ignore Verilog initial constructs                                          ; Off                ; Off                ;
; Iteration limit for constant Verilog loops                                 ; 5000               ; 5000               ;
; Iteration limit for non-constant Verilog loops                             ; 250                ; 250                ;
; Add Pass-Through Logic to Inferred RAMs                                    ; On                 ; On                 ;
; Infer RAMs from Raw Logic                                                  ; On                 ; On                 ;
; Parallel Synthesis                                                         ; On                 ; On                 ;
; DSP Block Balancing                                                        ; Auto               ; Auto               ;
; NOT Gate Push-Back                                                         ; On                 ; On                 ;
; Power-Up Don't Care                                                        ; On                 ; On                 ;
; Remove Redundant Logic Cells                                               ; Off                ; Off                ;
; Remove Duplicate Registers                                                 ; On                 ; On                 ;
; Ignore CARRY Buffers                                                       ; Off                ; Off                ;
; Ignore CASCADE Buffers                                                     ; Off                ; Off                ;
; Ignore GLOBAL Buffers                                                      ; Off                ; Off                ;
; Ignore ROW GLOBAL Buffers                                                  ; Off                ; Off                ;
; Ignore LCELL Buffers                                                       ; Off                ; Off                ;
; Ignore SOFT Buffers                                                        ; On                 ; On                 ;
; Limit AHDL Integers to 32 Bits                                             ; Off                ; Off                ;
; Optimization Technique                                                     ; Balanced           ; Balanced           ;
; Carry Chain Length                                                         ; 70                 ; 70                 ;
; Auto Carry Chains                                                          ; On                 ; On                 ;
; Auto Open-Drain Pins                                                       ; On                 ; On                 ;
; Perform WYSIWYG Primitive Resynthesis                                      ; Off                ; Off                ;
; Auto ROM Replacement                                                       ; On                 ; On                 ;
; Auto RAM Replacement                                                       ; On                 ; On                 ;
; Auto Shift Register Replacement                                            ; Auto               ; Auto               ;
; Allow Shift Register Merging across Hierarchies                            ; Auto               ; Auto               ;
; Auto Clock Enable Replacement                                              ; On                 ; On                 ;
; Strict RAM Replacement                                                     ; Off                ; Off                ;
; Allow Synchronous Control Signals                                          ; On                 ; On                 ;
; Force Use of Synchronous Clear Signals                                     ; Off                ; Off                ;
; Auto RAM to Logic Cell Conversion                                          ; Off                ; Off                ;
; Auto Resource Sharing                                                      ; Off                ; Off                ;
; Allow Any RAM Size For Recognition                                         ; Off                ; Off                ;
; Allow Any ROM Size For Recognition                                         ; Off                ; Off                ;
; Allow Any Shift Register Size For Recognition                              ; Off                ; Off                ;
; Use LogicLock Constraints during Resource Balancing                        ; On                 ; On                 ;
; Ignore translate_off and synthesis_off directives                          ; Off                ; Off                ;
; Timing-Driven Synthesis                                                    ; Off                ; Off                ;
; Report Parameter Settings                                                  ; On                 ; On                 ;
; Report Source Assignments                                                  ; On                 ; On                 ;
; Report Connectivity Checks                                                 ; On                 ; On                 ;
; Ignore Maximum Fan-Out Assignments                                         ; Off                ; Off                ;
; Synchronization Register Chain Length                                      ; 2                  ; 2                  ;
; PowerPlay Power Optimization                                               ; Normal compilation ; Normal compilation ;
; HDL message level                                                          ; Level2             ; Level2             ;
; Suppress Register Optimization Related Messages                            ; Off                ; Off                ;
; Number of Removed Registers Reported in Synthesis Report                   ; 5000               ; 5000               ;
; Number of Swept Nodes Reported in Synthesis Report                         ; 5000               ; 5000               ;
; Number of Inverted Registers Reported in Synthesis Report                  ; 100                ; 100                ;
; Clock MUX Protection                                                       ; On                 ; On                 ;
; Auto Gated Clock Conversion                                                ; Off                ; Off                ;
; Block Design Naming                                                        ; Auto               ; Auto               ;
; SDC constraint protection                                                  ; Off                ; Off                ;
; Synthesis Effort                                                           ; Auto               ; Auto               ;
; Shift Register Replacement - Allow Asynchronous Clear Signal               ; On                 ; On                 ;
; Pre-Mapping Resynthesis Optimization                                       ; Off                ; Off                ;
; Analysis & Synthesis Message Level                                         ; Medium             ; Medium             ;
; Disable Register Merging Across Hierarchies                                ; Auto               ; Auto               ;
; Resource Aware Inference For Block RAM                                     ; On                 ; On                 ;
; Synthesis Seed                                                             ; 1                  ; 1                  ;
+----------------------------------------------------------------------------+--------------------+--------------------+


Parallel compilation was disabled, but you have multiple processors available. Enable parallel compilation to reduce compilation time.
+-------------------------------------+
; Parallel Compilation                ;
+----------------------------+--------+
; Processors                 ; Number ;
+----------------------------+--------+
; Number detected on machine ; 8      ;
; Maximum allowed            ; 1      ;
+----------------------------+--------+


+------------------------------------------------------------------------------------------------------------------------------------------------------------------------------------+
; Analysis & Synthesis Source Files Read                                                                                                                                             ;
+----------------------------------+-----------------+----------------------------------+----------------------------------------------------------------------------------+---------+
; File Name with User-Entered Path ; Used in Netlist ; File Type                        ; File Name with Absolute Path                                                     ; Library ;
+----------------------------------+-----------------+----------------------------------+----------------------------------------------------------------------------------+---------+
; cache.v                          ; yes             ; User Verilog HDL File            ; C:/Users/Jonathan/Downloads/parte3/cache.v                                       ;         ;
; display.v                        ; yes             ; User Verilog HDL File            ; C:/Users/Jonathan/Downloads/parte3/display.v                                     ;         ;
; mif2.mif                         ; yes             ; User Memory Initialization File  ; C:/Users/Jonathan/Downloads/parte3/mif2.mif                                      ;         ;
; ramlpm.v                         ; yes             ; User Wizard-Generated File       ; C:/Users/Jonathan/Downloads/parte3/ramlpm.v                                      ;         ;
; altsyncram.tdf                   ; yes             ; Megafunction                     ; d:/software/altera/13.0sp1/quartus/libraries/megafunctions/altsyncram.tdf        ;         ;
; stratix_ram_block.inc            ; yes             ; Megafunction                     ; d:/software/altera/13.0sp1/quartus/libraries/megafunctions/stratix_ram_block.inc ;         ;
; lpm_mux.inc                      ; yes             ; Megafunction                     ; d:/software/altera/13.0sp1/quartus/libraries/megafunctions/lpm_mux.inc           ;         ;
; lpm_decode.inc                   ; yes             ; Megafunction                     ; d:/software/altera/13.0sp1/quartus/libraries/megafunctions/lpm_decode.inc        ;         ;
; aglobal130.inc                   ; yes             ; Megafunction                     ; d:/software/altera/13.0sp1/quartus/libraries/megafunctions/aglobal130.inc        ;         ;
; a_rdenreg.inc                    ; yes             ; Megafunction                     ; d:/software/altera/13.0sp1/quartus/libraries/megafunctions/a_rdenreg.inc         ;         ;
; altrom.inc                       ; yes             ; Megafunction                     ; d:/software/altera/13.0sp1/quartus/libraries/megafunctions/altrom.inc            ;         ;
; altram.inc                       ; yes             ; Megafunction                     ; d:/software/altera/13.0sp1/quartus/libraries/megafunctions/altram.inc            ;         ;
; altdpram.inc                     ; yes             ; Megafunction                     ; d:/software/altera/13.0sp1/quartus/libraries/megafunctions/altdpram.inc          ;         ;
; db/altsyncram_3is1.tdf           ; yes             ; Auto-Generated Megafunction      ; C:/Users/Jonathan/Downloads/parte3/db/altsyncram_3is1.tdf                        ;         ;
+----------------------------------+-----------------+----------------------------------+----------------------------------------------------------------------------------+---------+


+-----------------------------------------------------------------------+
; Analysis & Synthesis Resource Usage Summary                           ;
+---------------------------------------------+-------------------------+
; Resource                                    ; Usage                   ;
+---------------------------------------------+-------------------------+
; Estimated Total logic elements              ; 73                      ;
;                                             ;                         ;
; Total combinational functions               ; 73                      ;
; Logic element usage by number of LUT inputs ;                         ;
;     -- 4 input functions                    ; 37                      ;
;     -- 3 input functions                    ; 36                      ;
;     -- <=2 input functions                  ; 0                       ;
;                                             ;                         ;
; Logic elements by mode                      ;                         ;
;     -- normal mode                          ; 73                      ;
;     -- arithmetic mode                      ; 0                       ;
;                                             ;                         ;
; Total registers                             ; 0                       ;
;     -- Dedicated logic registers            ; 0                       ;
;     -- I/O registers                        ; 0                       ;
;                                             ;                         ;
; I/O pins                                    ; 111                     ;
; Total memory bits                           ; 192                     ;
; Embedded Multiplier 9-bit elements          ; 0                       ;
; Maximum fan-out node                        ; cache:cache2vias|comb~2 ;
; Maximum fan-out                             ; 48                      ;
; Total fan-out                               ; 443                     ;
; Average fan-out                             ; 2.13                    ;
+---------------------------------------------+-------------------------+


+------------------------------------------------------------------------------------------------------------------------------------------------------------------------------------------------------------------------------------------------------------------------------+
; Analysis & Synthesis Resource Utilization by Entity                                                                                                                                                                                                                          ;
+----------------------------------------------+-------------------+--------------+-------------+--------------+---------+-----------+------+--------------+----------------------------------------------------------------------------------------------------+--------------+
; Compilation Hierarchy Node                   ; LC Combinationals ; LC Registers ; Memory Bits ; DSP Elements ; DSP 9x9 ; DSP 18x18 ; Pins ; Virtual Pins ; Full Hierarchy Name                                                                                ; Library Name ;
+----------------------------------------------+-------------------+--------------+-------------+--------------+---------+-----------+------+--------------+----------------------------------------------------------------------------------------------------+--------------+
; |display                                     ; 73 (0)            ; 0 (0)        ; 192         ; 0            ; 0       ; 0         ; 111  ; 0            ; |display                                                                                           ; work         ;
;    |cache:cache2vias|                        ; 32 (4)            ; 0 (0)        ; 192         ; 0            ; 0       ; 0         ; 0    ; 0            ; |display|cache:cache2vias                                                                          ; work         ;
;       |mux2pra1:muxIn1|                      ; 12 (12)           ; 0 (0)        ; 0           ; 0            ; 0       ; 0         ; 0    ; 0            ; |display|cache:cache2vias|mux2pra1:muxIn1                                                          ; work         ;
;       |mux2pra1:muxIn2|                      ; 12 (12)           ; 0 (0)        ; 0           ; 0            ; 0       ; 0         ; 0    ; 0            ; |display|cache:cache2vias|mux2pra1:muxIn2                                                          ; work         ;
;       |mux2pra1:muxOut|                      ; 4 (4)             ; 0 (0)        ; 0           ; 0            ; 0       ; 0         ; 0    ; 0            ; |display|cache:cache2vias|mux2pra1:muxOut                                                          ; work         ;
;       |ramlpm:v1|                            ; 0 (0)             ; 0 (0)        ; 96          ; 0            ; 0       ; 0         ; 0    ; 0            ; |display|cache:cache2vias|ramlpm:v1                                                                ; work         ;
;          |altsyncram:altsyncram_component|   ; 0 (0)             ; 0 (0)        ; 96          ; 0            ; 0       ; 0         ; 0    ; 0            ; |display|cache:cache2vias|ramlpm:v1|altsyncram:altsyncram_component                                ; work         ;
;             |altsyncram_3is1:auto_generated| ; 0 (0)             ; 0 (0)        ; 96          ; 0            ; 0       ; 0         ; 0    ; 0            ; |display|cache:cache2vias|ramlpm:v1|altsyncram:altsyncram_component|altsyncram_3is1:auto_generated ; work         ;
;       |ramlpm:v2|                            ; 0 (0)             ; 0 (0)        ; 96          ; 0            ; 0       ; 0         ; 0    ; 0            ; |display|cache:cache2vias|ramlpm:v2                                                                ; work         ;
;          |altsyncram:altsyncram_component|   ; 0 (0)             ; 0 (0)        ; 96          ; 0            ; 0       ; 0         ; 0    ; 0            ; |display|cache:cache2vias|ramlpm:v2|altsyncram:altsyncram_component                                ; work         ;
;             |altsyncram_3is1:auto_generated| ; 0 (0)             ; 0 (0)        ; 96          ; 0            ; 0       ; 0         ; 0    ; 0            ; |display|cache:cache2vias|ramlpm:v2|altsyncram:altsyncram_component|altsyncram_3is1:auto_generated ; work         ;
;    |hexto7segment:h2|                        ; 21 (21)           ; 0 (0)        ; 0           ; 0            ; 0       ; 0         ; 0    ; 0            ; |display|hexto7segment:h2                                                                          ; work         ;
;    |hexto7segment:h3|                        ; 13 (13)           ; 0 (0)        ; 0           ; 0            ; 0       ; 0         ; 0    ; 0            ; |display|hexto7segment:h3                                                                          ; work         ;
;    |hexto7segment:h4|                        ; 7 (7)             ; 0 (0)        ; 0           ; 0            ; 0       ; 0         ; 0    ; 0            ; |display|hexto7segment:h4                                                                          ; work         ;
+----------------------------------------------+-------------------+--------------+-------------+--------------+---------+-----------+------+--------------+----------------------------------------------------------------------------------------------------+--------------+
Note: For table entries with two numbers listed, the numbers in parentheses indicate the number of resources of the given type used by the specific entity alone. The numbers listed outside of parentheses indicate the total resources of the given type used by the specific entity and all of its sub-entities in the hierarchy.


+--------------------------------------------------------------------------------------------------------------------------------------------------------------------------------------------------------------+
; Analysis & Synthesis RAM Summary                                                                                                                                                                             ;
+------------------------------------------------------------------------------------------------------+------+------------------+--------------+--------------+--------------+--------------+------+----------+
; Name                                                                                                 ; Type ; Mode             ; Port A Depth ; Port A Width ; Port B Depth ; Port B Width ; Size ; MIF      ;
+------------------------------------------------------------------------------------------------------+------+------------------+--------------+--------------+--------------+--------------+------+----------+
; cache:cache2vias|ramlpm:v1|altsyncram:altsyncram_component|altsyncram_3is1:auto_generated|ALTSYNCRAM ; M4K  ; Simple Dual Port ; 8            ; 12           ; 8            ; 12           ; 96   ; mif2.mif ;
; cache:cache2vias|ramlpm:v2|altsyncram:altsyncram_component|altsyncram_3is1:auto_generated|ALTSYNCRAM ; M4K  ; Simple Dual Port ; 8            ; 12           ; 8            ; 12           ; 96   ; mif2.mif ;
+------------------------------------------------------------------------------------------------------+------+------------------+--------------+--------------+--------------+--------------+------+----------+


+---------------------------------------------------------------------------------------------------------------------------------------------------+
; Analysis & Synthesis IP Cores Summary                                                                                                             ;
+--------+--------------+---------+--------------+--------------+-------------------------------------+---------------------------------------------+
; Vendor ; IP Core Name ; Version ; Release Date ; License Type ; Entity Instance                     ; IP Include File                             ;
+--------+--------------+---------+--------------+--------------+-------------------------------------+---------------------------------------------+
; Altera ; RAM: 2-PORT  ; 13.0    ; N/A          ; N/A          ; |display|cache:cache2vias|ramlpm:v1 ; C:/Users/Jonathan/Downloads/parte3/ramlpm.v ;
; Altera ; RAM: 2-PORT  ; 13.0    ; N/A          ; N/A          ; |display|cache:cache2vias|ramlpm:v2 ; C:/Users/Jonathan/Downloads/parte3/ramlpm.v ;
+--------+--------------+---------+--------------+--------------+-------------------------------------+---------------------------------------------+


+------------------------------------------------------+
; General Register Statistics                          ;
+----------------------------------------------+-------+
; Statistic                                    ; Value ;
+----------------------------------------------+-------+
; Total registers                              ; 0     ;
; Number of registers using Synchronous Clear  ; 0     ;
; Number of registers using Synchronous Load   ; 0     ;
; Number of registers using Asynchronous Clear ; 0     ;
; Number of registers using Asynchronous Load  ; 0     ;
; Number of registers using Clock Enable       ; 0     ;
; Number of registers using Preset             ; 0     ;
+----------------------------------------------+-------+


+------------------------------------------------------------------------------------------------------------------+
; Source assignments for cache:cache2vias|ramlpm:v1|altsyncram:altsyncram_component|altsyncram_3is1:auto_generated ;
+---------------------------------+--------------------+------+----------------------------------------------------+
; Assignment                      ; Value              ; From ; To                                                 ;
+---------------------------------+--------------------+------+----------------------------------------------------+
; OPTIMIZE_POWER_DURING_SYNTHESIS ; NORMAL_COMPILATION ; -    ; -                                                  ;
+---------------------------------+--------------------+------+----------------------------------------------------+


+------------------------------------------------------------------------------------------------------------------+
; Source assignments for cache:cache2vias|ramlpm:v2|altsyncram:altsyncram_component|altsyncram_3is1:auto_generated ;
+---------------------------------+--------------------+------+----------------------------------------------------+
; Assignment                      ; Value              ; From ; To                                                 ;
+---------------------------------+--------------------+------+----------------------------------------------------+
; OPTIMIZE_POWER_DURING_SYNTHESIS ; NORMAL_COMPILATION ; -    ; -                                                  ;
+---------------------------------+--------------------+------+----------------------------------------------------+


+---------------------------------------------------------------------------------------------------------+
; Parameter Settings for User Entity Instance: cache:cache2vias|ramlpm:v1|altsyncram:altsyncram_component ;
+------------------------------------+----------------------+---------------------------------------------+
; Parameter Name                     ; Value                ; Type                                        ;
+------------------------------------+----------------------+---------------------------------------------+
; BYTE_SIZE_BLOCK                    ; 8                    ; Untyped                                     ;
; AUTO_CARRY_CHAINS                  ; ON                   ; AUTO_CARRY                                  ;
; IGNORE_CARRY_BUFFERS               ; OFF                  ; IGNORE_CARRY                                ;
; AUTO_CASCADE_CHAINS                ; ON                   ; AUTO_CASCADE                                ;
; IGNORE_CASCADE_BUFFERS             ; OFF                  ; IGNORE_CASCADE                              ;
; WIDTH_BYTEENA                      ; 1                    ; Untyped                                     ;
; OPERATION_MODE                     ; DUAL_PORT            ; Untyped                                     ;
; WIDTH_A                            ; 12                   ; Signed Integer                              ;
; WIDTHAD_A                          ; 3                    ; Signed Integer                              ;
; NUMWORDS_A                         ; 8                    ; Signed Integer                              ;
; OUTDATA_REG_A                      ; UNREGISTERED         ; Untyped                                     ;
; ADDRESS_ACLR_A                     ; NONE                 ; Untyped                                     ;
; OUTDATA_ACLR_A                     ; NONE                 ; Untyped                                     ;
; WRCONTROL_ACLR_A                   ; NONE                 ; Untyped                                     ;
; INDATA_ACLR_A                      ; NONE                 ; Untyped                                     ;
; BYTEENA_ACLR_A                     ; NONE                 ; Untyped                                     ;
; WIDTH_B                            ; 12                   ; Signed Integer                              ;
; WIDTHAD_B                          ; 3                    ; Signed Integer                              ;
; NUMWORDS_B                         ; 8                    ; Signed Integer                              ;
; INDATA_REG_B                       ; CLOCK1               ; Untyped                                     ;
; WRCONTROL_WRADDRESS_REG_B          ; CLOCK1               ; Untyped                                     ;
; RDCONTROL_REG_B                    ; CLOCK1               ; Untyped                                     ;
; ADDRESS_REG_B                      ; CLOCK0               ; Untyped                                     ;
; OUTDATA_REG_B                      ; UNREGISTERED         ; Untyped                                     ;
; BYTEENA_REG_B                      ; CLOCK1               ; Untyped                                     ;
; INDATA_ACLR_B                      ; NONE                 ; Untyped                                     ;
; WRCONTROL_ACLR_B                   ; NONE                 ; Untyped                                     ;
; ADDRESS_ACLR_B                     ; NONE                 ; Untyped                                     ;
; OUTDATA_ACLR_B                     ; NONE                 ; Untyped                                     ;
; RDCONTROL_ACLR_B                   ; NONE                 ; Untyped                                     ;
; BYTEENA_ACLR_B                     ; NONE                 ; Untyped                                     ;
; WIDTH_BYTEENA_A                    ; 1                    ; Signed Integer                              ;
; WIDTH_BYTEENA_B                    ; 1                    ; Untyped                                     ;
; RAM_BLOCK_TYPE                     ; M4K                  ; Untyped                                     ;
; BYTE_SIZE                          ; 8                    ; Untyped                                     ;
; READ_DURING_WRITE_MODE_MIXED_PORTS ; DONT_CARE            ; Untyped                                     ;
; READ_DURING_WRITE_MODE_PORT_A      ; NEW_DATA_NO_NBE_READ ; Untyped                                     ;
; READ_DURING_WRITE_MODE_PORT_B      ; NEW_DATA_NO_NBE_READ ; Untyped                                     ;
; INIT_FILE                          ; mif2.mif             ; Untyped                                     ;
; INIT_FILE_LAYOUT                   ; PORT_A               ; Untyped                                     ;
; MAXIMUM_DEPTH                      ; 0                    ; Untyped                                     ;
; CLOCK_ENABLE_INPUT_A               ; BYPASS               ; Untyped                                     ;
; CLOCK_ENABLE_INPUT_B               ; BYPASS               ; Untyped                                     ;
; CLOCK_ENABLE_OUTPUT_A              ; BYPASS               ; Untyped                                     ;
; CLOCK_ENABLE_OUTPUT_B              ; BYPASS               ; Untyped                                     ;
; CLOCK_ENABLE_CORE_A                ; USE_INPUT_CLKEN      ; Untyped                                     ;
; CLOCK_ENABLE_CORE_B                ; USE_INPUT_CLKEN      ; Untyped                                     ;
; ENABLE_ECC                         ; FALSE                ; Untyped                                     ;
; ECC_PIPELINE_STAGE_ENABLED         ; FALSE                ; Untyped                                     ;
; WIDTH_ECCSTATUS                    ; 3                    ; Untyped                                     ;
; DEVICE_FAMILY                      ; Cyclone II           ; Untyped                                     ;
; CBXI_PARAMETER                     ; altsyncram_3is1      ; Untyped                                     ;
+------------------------------------+----------------------+---------------------------------------------+
Note: In order to hide this table in the UI and the text report file, please set the "Show Parameter Settings in Synthesis Report" option in "Analysis and Synthesis Settings -> More Settings" to "Off".


+---------------------------------------------------------------------------------------------------------+
; Parameter Settings for User Entity Instance: cache:cache2vias|ramlpm:v2|altsyncram:altsyncram_component ;
+------------------------------------+----------------------+---------------------------------------------+
; Parameter Name                     ; Value                ; Type                                        ;
+------------------------------------+----------------------+---------------------------------------------+
; BYTE_SIZE_BLOCK                    ; 8                    ; Untyped                                     ;
; AUTO_CARRY_CHAINS                  ; ON                   ; AUTO_CARRY                                  ;
; IGNORE_CARRY_BUFFERS               ; OFF                  ; IGNORE_CARRY                                ;
; AUTO_CASCADE_CHAINS                ; ON                   ; AUTO_CASCADE                                ;
; IGNORE_CASCADE_BUFFERS             ; OFF                  ; IGNORE_CASCADE                              ;
; WIDTH_BYTEENA                      ; 1                    ; Untyped                                     ;
; OPERATION_MODE                     ; DUAL_PORT            ; Untyped                                     ;
; WIDTH_A                            ; 12                   ; Signed Integer                              ;
; WIDTHAD_A                          ; 3                    ; Signed Integer                              ;
; NUMWORDS_A                         ; 8                    ; Signed Integer                              ;
; OUTDATA_REG_A                      ; UNREGISTERED         ; Untyped                                     ;
; ADDRESS_ACLR_A                     ; NONE                 ; Untyped                                     ;
; OUTDATA_ACLR_A                     ; NONE                 ; Untyped                                     ;
; WRCONTROL_ACLR_A                   ; NONE                 ; Untyped                                     ;
; INDATA_ACLR_A                      ; NONE                 ; Untyped                                     ;
; BYTEENA_ACLR_A                     ; NONE                 ; Untyped                                     ;
; WIDTH_B                            ; 12                   ; Signed Integer                              ;
; WIDTHAD_B                          ; 3                    ; Signed Integer                              ;
; NUMWORDS_B                         ; 8                    ; Signed Integer                              ;
; INDATA_REG_B                       ; CLOCK1               ; Untyped                                     ;
; WRCONTROL_WRADDRESS_REG_B          ; CLOCK1               ; Untyped                                     ;
; RDCONTROL_REG_B                    ; CLOCK1               ; Untyped                                     ;
; ADDRESS_REG_B                      ; CLOCK0               ; Untyped                                     ;
; OUTDATA_REG_B                      ; UNREGISTERED         ; Untyped                                     ;
; BYTEENA_REG_B                      ; CLOCK1               ; Untyped                                     ;
; INDATA_ACLR_B                      ; NONE                 ; Untyped                                     ;
; WRCONTROL_ACLR_B                   ; NONE                 ; Untyped                                     ;
; ADDRESS_ACLR_B                     ; NONE                 ; Untyped                                     ;
; OUTDATA_ACLR_B                     ; NONE                 ; Untyped                                     ;
; RDCONTROL_ACLR_B                   ; NONE                 ; Untyped                                     ;
; BYTEENA_ACLR_B                     ; NONE                 ; Untyped                                     ;
; WIDTH_BYTEENA_A                    ; 1                    ; Signed Integer                              ;
; WIDTH_BYTEENA_B                    ; 1                    ; Untyped                                     ;
; RAM_BLOCK_TYPE                     ; M4K                  ; Untyped                                     ;
; BYTE_SIZE                          ; 8                    ; Untyped                                     ;
; READ_DURING_WRITE_MODE_MIXED_PORTS ; DONT_CARE            ; Untyped                                     ;
; READ_DURING_WRITE_MODE_PORT_A      ; NEW_DATA_NO_NBE_READ ; Untyped                                     ;
; READ_DURING_WRITE_MODE_PORT_B      ; NEW_DATA_NO_NBE_READ ; Untyped                                     ;
; INIT_FILE                          ; mif2.mif             ; Untyped                                     ;
; INIT_FILE_LAYOUT                   ; PORT_A               ; Untyped                                     ;
; MAXIMUM_DEPTH                      ; 0                    ; Untyped                                     ;
; CLOCK_ENABLE_INPUT_A               ; BYPASS               ; Untyped                                     ;
; CLOCK_ENABLE_INPUT_B               ; BYPASS               ; Untyped                                     ;
; CLOCK_ENABLE_OUTPUT_A              ; BYPASS               ; Untyped                                     ;
; CLOCK_ENABLE_OUTPUT_B              ; BYPASS               ; Untyped                                     ;
; CLOCK_ENABLE_CORE_A                ; USE_INPUT_CLKEN      ; Untyped                                     ;
; CLOCK_ENABLE_CORE_B                ; USE_INPUT_CLKEN      ; Untyped                                     ;
; ENABLE_ECC                         ; FALSE                ; Untyped                                     ;
; ECC_PIPELINE_STAGE_ENABLED         ; FALSE                ; Untyped                                     ;
; WIDTH_ECCSTATUS                    ; 3                    ; Untyped                                     ;
; DEVICE_FAMILY                      ; Cyclone II           ; Untyped                                     ;
; CBXI_PARAMETER                     ; altsyncram_3is1      ; Untyped                                     ;
+------------------------------------+----------------------+---------------------------------------------+
Note: In order to hide this table in the UI and the text report file, please set the "Show Parameter Settings in Synthesis Report" option in "Analysis and Synthesis Settings -> More Settings" to "Off".


+--------------------------------------------------------------------------------------------------------+
; altsyncram Parameter Settings by Entity Instance                                                       ;
+-------------------------------------------+------------------------------------------------------------+
; Name                                      ; Value                                                      ;
+-------------------------------------------+------------------------------------------------------------+
; Number of entity instances                ; 2                                                          ;
; Entity Instance                           ; cache:cache2vias|ramlpm:v1|altsyncram:altsyncram_component ;
;     -- OPERATION_MODE                     ; DUAL_PORT                                                  ;
;     -- WIDTH_A                            ; 12                                                         ;
;     -- NUMWORDS_A                         ; 8                                                          ;
;     -- OUTDATA_REG_A                      ; UNREGISTERED                                               ;
;     -- WIDTH_B                            ; 12                                                         ;
;     -- NUMWORDS_B                         ; 8                                                          ;
;     -- ADDRESS_REG_B                      ; CLOCK0                                                     ;
;     -- OUTDATA_REG_B                      ; UNREGISTERED                                               ;
;     -- RAM_BLOCK_TYPE                     ; M4K                                                        ;
;     -- READ_DURING_WRITE_MODE_MIXED_PORTS ; DONT_CARE                                                  ;
; Entity Instance                           ; cache:cache2vias|ramlpm:v2|altsyncram:altsyncram_component ;
;     -- OPERATION_MODE                     ; DUAL_PORT                                                  ;
;     -- WIDTH_A                            ; 12                                                         ;
;     -- NUMWORDS_A                         ; 8                                                          ;
;     -- OUTDATA_REG_A                      ; UNREGISTERED                                               ;
;     -- WIDTH_B                            ; 12                                                         ;
;     -- NUMWORDS_B                         ; 8                                                          ;
;     -- ADDRESS_REG_B                      ; CLOCK0                                                     ;
;     -- OUTDATA_REG_B                      ; UNREGISTERED                                               ;
;     -- RAM_BLOCK_TYPE                     ; M4K                                                        ;
;     -- READ_DURING_WRITE_MODE_MIXED_PORTS ; DONT_CARE                                                  ;
+-------------------------------------------+------------------------------------------------------------+


+----------------------------------------------+
; Port Connectivity Checks: "hexto7segment:h5" ;
+---------+-------+----------+-----------------+
; Port    ; Type  ; Severity ; Details         ;
+---------+-------+----------+-----------------+
; x[3..1] ; Input ; Info     ; Stuck at GND    ;
+---------+-------+----------+-----------------+


+---------------------------------------------------------------------------------------------------------------------------------------------------------------------------+
; Port Connectivity Checks: "cache:cache2vias|mux2pra1:muxOut"                                                                                                              ;
+---------+--------+----------+---------------------------------------------------------------------------------------------------------------------------------------------+
; Port    ; Type   ; Severity ; Details                                                                                                                                     ;
+---------+--------+----------+---------------------------------------------------------------------------------------------------------------------------------------------+
; a       ; Input  ; Warning  ; Input port expression (8 bits) is smaller than the input port (13 bits) it drives.  Extra input bit(s) "a[12..8]" will be connected to GND. ;
; b       ; Input  ; Warning  ; Input port expression (8 bits) is smaller than the input port (13 bits) it drives.  Extra input bit(s) "b[12..8]" will be connected to GND. ;
; DataOut ; Output ; Warning  ; Output or bidir port (13 bits) is wider than the port expression (8 bits) it drives; bit(s) "DataOut[12..8]" have no fanouts                ;
+---------+--------+----------+---------------------------------------------------------------------------------------------------------------------------------------------+


+-----------------------------------------------------------------------------------------------------------------------------------------------------------------------------+
; Port Connectivity Checks: "cache:cache2vias|mux2pra1:muxIn2"                                                                                                                ;
+---------+--------+----------+-----------------------------------------------------------------------------------------------------------------------------------------------+
; Port    ; Type   ; Severity ; Details                                                                                                                                       ;
+---------+--------+----------+-----------------------------------------------------------------------------------------------------------------------------------------------+
; a       ; Input  ; Warning  ; Input port expression (12 bits) is smaller than the input port (13 bits) it drives.  Extra input bit(s) "a[12..12]" will be connected to GND. ;
; b       ; Input  ; Warning  ; Input port expression (12 bits) is smaller than the input port (13 bits) it drives.  Extra input bit(s) "b[12..12]" will be connected to GND. ;
; b[12]   ; Input  ; Info     ; Stuck at VCC                                                                                                                                  ;
; DataOut ; Output ; Warning  ; Output or bidir port (13 bits) is wider than the port expression (12 bits) it drives; bit(s) "DataOut[12..12]" have no fanouts                ;
+---------+--------+----------+-----------------------------------------------------------------------------------------------------------------------------------------------+


+-----------------------------------------------------------------------------------------------------------------------------------------------------------------------------+
; Port Connectivity Checks: "cache:cache2vias|mux2pra1:muxIn1"                                                                                                                ;
+---------+--------+----------+-----------------------------------------------------------------------------------------------------------------------------------------------+
; Port    ; Type   ; Severity ; Details                                                                                                                                       ;
+---------+--------+----------+-----------------------------------------------------------------------------------------------------------------------------------------------+
; a       ; Input  ; Warning  ; Input port expression (12 bits) is smaller than the input port (13 bits) it drives.  Extra input bit(s) "a[12..12]" will be connected to GND. ;
; b       ; Input  ; Warning  ; Input port expression (12 bits) is smaller than the input port (13 bits) it drives.  Extra input bit(s) "b[12..12]" will be connected to GND. ;
; b[12]   ; Input  ; Info     ; Stuck at VCC                                                                                                                                  ;
; DataOut ; Output ; Warning  ; Output or bidir port (13 bits) is wider than the port expression (12 bits) it drives; bit(s) "DataOut[12..12]" have no fanouts                ;
+---------+--------+----------+-----------------------------------------------------------------------------------------------------------------------------------------------+


+------------------------------------------------------------------------------------------------------------------+
; Port Connectivity Checks: "cache:cache2vias"                                                                     ;
+--------+--------+----------+-------------------------------------------------------------------------------------+
; Port   ; Type   ; Severity ; Details                                                                             ;
+--------+--------+----------+-------------------------------------------------------------------------------------+
; hit    ; Output ; Info     ; Connected to dangling logic. Logic that only feeds a dangling port will be removed. ;
; miss   ; Output ; Info     ; Connected to dangling logic. Logic that only feeds a dangling port will be removed. ;
; dirty1 ; Output ; Info     ; Connected to dangling logic. Logic that only feeds a dangling port will be removed. ;
; dirty2 ; Output ; Info     ; Connected to dangling logic. Logic that only feeds a dangling port will be removed. ;
+--------+--------+----------+-------------------------------------------------------------------------------------+


+-------------------------------+
; Elapsed Time Per Partition    ;
+----------------+--------------+
; Partition Name ; Elapsed Time ;
+----------------+--------------+
; Top            ; 00:00:00     ;
+----------------+--------------+


+-------------------------------+
; Analysis & Synthesis Messages ;
+-------------------------------+
Info: *******************************************************************
Info: Running Quartus II 64-Bit Analysis & Synthesis
    Info: Version 13.0.1 Build 232 06/12/2013 Service Pack 1 SJ Web Edition
    Info: Processing started: Thu Sep 12 21:24:18 2019
Info: Command: quartus_map --read_settings_files=on --write_settings_files=off parte3 -c parte3
Warning (20028): Parallel compilation is not licensed and has been disabled
Info (12021): Found 2 design units, including 2 entities, in source file cache.v
    Info (12023): Found entity 1: mux2pra1
    Info (12023): Found entity 2: cache
Info (12021): Found 2 design units, including 2 entities, in source file display.v
    Info (12023): Found entity 1: display
    Info (12023): Found entity 2: hexto7segment
Info (12021): Found 1 design units, including 1 entities, in source file ramlpm.v
    Info (12023): Found entity 1: ramlpm
Warning (10236): Verilog HDL Implicit Net warning at display.v(13): created implicit net for "dataIn"
Warning (10236): Verilog HDL Implicit Net warning at display.v(18): created implicit net for "hit"
Warning (10236): Verilog HDL Implicit Net warning at display.v(19): created implicit net for "miss"
Warning (10236): Verilog HDL Implicit Net warning at display.v(20): created implicit net for "dirty1"
Warning (10236): Verilog HDL Implicit Net warning at display.v(21): created implicit net for "dirty2"
Info (12127): Elaborating entity "display" for the top level hierarchy
Warning (10036): Verilog HDL or VHDL warning at display.v(13): object "dataIn" assigned a value but never read
Warning (10230): Verilog HDL assignment warning at display.v(13): truncated value with size 8 to match size of target (1)
Warning (10030): Net "LEDG[3..0]" at display.v(7) has no driver or initial value, using a default initial value '0'
Warning (10034): Output port "HEX2" at display.v(4) has no driver
Warning (10034): Output port "HEX3" at display.v(4) has no driver
Warning (10034): Output port "LEDG[17..4]" at display.v(7) has no driver
Info (12128): Elaborating entity "cache" for hierarchy "cache:cache2vias"
Warning (10036): Verilog HDL or VHDL warning at cache.v(28): object "lru1" assigned a value but never read
Warning (10036): Verilog HDL or VHDL warning at cache.v(28): object "lru2" assigned a value but never read
Info (12128): Elaborating entity "mux2pra1" for hierarchy "cache:cache2vias|mux2pra1:muxIn1"
Info (12128): Elaborating entity "ramlpm" for hierarchy "cache:cache2vias|ramlpm:v1"
Info (12128): Elaborating entity "altsyncram" for hierarchy "cache:cache2vias|ramlpm:v1|altsyncram:altsyncram_component"
Info (12130): Elaborated megafunction instantiation "cache:cache2vias|ramlpm:v1|altsyncram:altsyncram_component"
Info (12133): Instantiated megafunction "cache:cache2vias|ramlpm:v1|altsyncram:altsyncram_component" with the following parameter:
    Info (12134): Parameter "address_reg_b" = "CLOCK0"
    Info (12134): Parameter "clock_enable_input_a" = "BYPASS"
    Info (12134): Parameter "clock_enable_input_b" = "BYPASS"
    Info (12134): Parameter "clock_enable_output_a" = "BYPASS"
    Info (12134): Parameter "clock_enable_output_b" = "BYPASS"
    Info (12134): Parameter "init_file" = "mif2.mif"
    Info (12134): Parameter "intended_device_family" = "Cyclone II"
    Info (12134): Parameter "lpm_type" = "altsyncram"
    Info (12134): Parameter "numwords_a" = "8"
    Info (12134): Parameter "numwords_b" = "8"
    Info (12134): Parameter "operation_mode" = "DUAL_PORT"
    Info (12134): Parameter "outdata_aclr_b" = "NONE"
    Info (12134): Parameter "outdata_reg_b" = "UNREGISTERED"
    Info (12134): Parameter "power_up_uninitialized" = "FALSE"
    Info (12134): Parameter "ram_block_type" = "M4K"
    Info (12134): Parameter "read_during_write_mode_mixed_ports" = "DONT_CARE"
    Info (12134): Parameter "widthad_a" = "3"
    Info (12134): Parameter "widthad_b" = "3"
    Info (12134): Parameter "width_a" = "12"
    Info (12134): Parameter "width_b" = "12"
    Info (12134): Parameter "width_byteena_a" = "1"
Info (12021): Found 1 design units, including 1 entities, in source file db/altsyncram_3is1.tdf
    Info (12023): Found entity 1: altsyncram_3is1
Info (12128): Elaborating entity "altsyncram_3is1" for hierarchy "cache:cache2vias|ramlpm:v1|altsyncram:altsyncram_component|altsyncram_3is1:auto_generated"
Info (12128): Elaborating entity "hexto7segment" for hierarchy "hexto7segment:h0"
Warning (12011): Net is missing source, defaulting to GND
    Warning (12110): Net "data[7]" is missing source, defaulting to GND
    Warning (12110): Net "data[6]" is missing source, defaulting to GND
    Warning (12110): Net "data[5]" is missing source, defaulting to GND
    Warning (12110): Net "data[4]" is missing source, defaulting to GND
    Warning (12110): Net "data[3]" is missing source, defaulting to GND
    Warning (12110): Net "data[2]" is missing source, defaulting to GND
    Warning (12110): Net "data[1]" is missing source, defaulting to GND
    Warning (12110): Net "data[0]" is missing source, defaulting to GND
Warning (12241): 3 hierarchies have connectivity warnings - see the Connectivity Checks report folder
Warning (13024): Output pins are stuck at VCC or GND
    Warning (13410): Pin "HEX0[0]" is stuck at GND
    Warning (13410): Pin "HEX0[1]" is stuck at GND
    Warning (13410): Pin "HEX0[2]" is stuck at GND
    Warning (13410): Pin "HEX0[3]" is stuck at GND
    Warning (13410): Pin "HEX0[4]" is stuck at GND
    Warning (13410): Pin "HEX0[5]" is stuck at GND
    Warning (13410): Pin "HEX0[6]" is stuck at VCC
    Warning (13410): Pin "HEX1[0]" is stuck at GND
    Warning (13410): Pin "HEX1[1]" is stuck at GND
    Warning (13410): Pin "HEX1[2]" is stuck at GND
    Warning (13410): Pin "HEX1[3]" is stuck at GND
    Warning (13410): Pin "HEX1[4]" is stuck at GND
    Warning (13410): Pin "HEX1[5]" is stuck at GND
    Warning (13410): Pin "HEX1[6]" is stuck at VCC
    Warning (13410): Pin "HEX2[0]" is stuck at GND
    Warning (13410): Pin "HEX2[1]" is stuck at GND
    Warning (13410): Pin "HEX2[2]" is stuck at GND
    Warning (13410): Pin "HEX2[3]" is stuck at GND
    Warning (13410): Pin "HEX2[4]" is stuck at GND
    Warning (13410): Pin "HEX2[5]" is stuck at GND
    Warning (13410): Pin "HEX2[6]" is stuck at GND
    Warning (13410): Pin "HEX3[0]" is stuck at GND
    Warning (13410): Pin "HEX3[1]" is stuck at GND
    Warning (13410): Pin "HEX3[2]" is stuck at GND
    Warning (13410): Pin "HEX3[3]" is stuck at GND
    Warning (13410): Pin "HEX3[4]" is stuck at GND
    Warning (13410): Pin "HEX3[5]" is stuck at GND
    Warning (13410): Pin "HEX3[6]" is stuck at GND
    Warning (13410): Pin "HEX7[1]" is stuck at GND
    Warning (13410): Pin "HEX7[2]" is stuck at GND
    Warning (13410): Pin "HEX7[6]" is stuck at VCC
    Warning (13410): Pin "LEDG[0]" is stuck at GND
    Warning (13410): Pin "LEDG[1]" is stuck at GND
    Warning (13410): Pin "LEDG[2]" is stuck at GND
    Warning (13410): Pin "LEDG[3]" is stuck at GND
    Warning (13410): Pin "LEDG[4]" is stuck at GND
    Warning (13410): Pin "LEDG[5]" is stuck at GND
    Warning (13410): Pin "LEDG[6]" is stuck at GND
    Warning (13410): Pin "LEDG[7]" is stuck at GND
    Warning (13410): Pin "LEDG[8]" is stuck at GND
    Warning (13410): Pin "LEDG[9]" is stuck at GND
    Warning (13410): Pin "LEDG[10]" is stuck at GND
    Warning (13410): Pin "LEDG[11]" is stuck at GND
    Warning (13410): Pin "LEDG[12]" is stuck at GND
    Warning (13410): Pin "LEDG[13]" is stuck at GND
    Warning (13410): Pin "LEDG[14]" is stuck at GND
    Warning (13410): Pin "LEDG[15]" is stuck at GND
    Warning (13410): Pin "LEDG[16]" is stuck at GND
    Warning (13410): Pin "LEDG[17]" is stuck at GND
Info (16010): Generating hard_block partition "hard_block:auto_generated_inst"
    Info (16011): Adding 0 node(s), including 0 DDIO, 0 PLL, 0 transceiver and 0 LCELL
Info (21057): Implemented 208 device resources after synthesis - the final resource count might be different
    Info (21058): Implemented 19 input pins
    Info (21059): Implemented 92 output pins
    Info (21061): Implemented 73 logic cells
    Info (21064): Implemented 24 RAM segments
Info: Quartus II 64-Bit Analysis & Synthesis was successful. 0 errors, 74 warnings
    Info: Peak virtual memory: 470 megabytes
    Info: Processing ended: Thu Sep 12 21:24:20 2019
    Info: Elapsed time: 00:00:02
    Info: Total CPU time (on all processors): 00:00:02


